c:\users\hfurk\desktop\software\repos\vs2019_repo\chesslıbrary\chesslıbrary\debug\vc142.pdb
c:\users\hfurk\desktop\software\repos\vs2019_repo\chesslıbrary\chesslıbrary\debug\vc142.ıdb
c:\users\hfurk\desktop\software\repos\vs2019_repo\chesslıbrary\chesslıbrary\debug\maın.obj
c:\users\hfurk\desktop\software\repos\vs2019_repo\chesslıbrary\chesslıbrary\debug\board.obj
c:\users\hfurk\desktop\software\repos\vs2019_repo\chesslıbrary\chesslıbrary\debug\pıece.obj
c:\users\hfurk\desktop\software\repos\vs2019_repo\chesslibrary\chesslibrary\debug\board.obj
c:\users\hfurk\desktop\software\repos\vs2019_repo\chesslibrary\chesslibrary\debug\main.obj
c:\users\hfurk\desktop\software\repos\vs2019_repo\chesslibrary\chesslibrary\debug\piece.obj
c:\users\hfurk\desktop\software\repos\vs2019_repo\chesslibrary\chesslibrary\debug\vc142.idb
c:\users\hfurk\desktop\software\repos\vs2019_repo\chesslibrary\chesslibrary\debug\vc142.pdb
c:\users\hfurk\desktop\software\repos\vs2019_repo\chesslibrary\debug\chesslibrary.pdb
c:\users\hfurk\desktop\software\repos\vs2019_repo\chesslibrary\chesslibrary\debug\chesslibrary.tlog\cl.command.1.tlog
c:\users\hfurk\desktop\software\repos\vs2019_repo\chesslibrary\chesslibrary\debug\chesslibrary.tlog\cl.read.1.tlog
c:\users\hfurk\desktop\software\repos\vs2019_repo\chesslibrary\chesslibrary\debug\chesslibrary.tlog\cl.write.1.tlog
c:\users\hfurk\desktop\software\repos\vs2019_repo\chesslibrary\chesslibrary\debug\chesslibrary.tlog\link-cvtres.read.1.tlog
c:\users\hfurk\desktop\software\repos\vs2019_repo\chesslibrary\chesslibrary\debug\chesslibrary.tlog\link-cvtres.write.1.tlog
c:\users\hfurk\desktop\software\repos\vs2019_repo\chesslibrary\chesslibrary\debug\chesslibrary.tlog\link-rc.read.1.tlog
c:\users\hfurk\desktop\software\repos\vs2019_repo\chesslibrary\chesslibrary\debug\chesslibrary.tlog\link-rc.write.1.tlog
c:\users\hfurk\desktop\software\repos\vs2019_repo\chesslibrary\chesslibrary\debug\chesslibrary.tlog\link.command.1.tlog
c:\users\hfurk\desktop\software\repos\vs2019_repo\chesslibrary\chesslibrary\debug\chesslibrary.tlog\link.read.1.tlog
c:\users\hfurk\desktop\software\repos\vs2019_repo\chesslibrary\chesslibrary\debug\chesslibrary.tlog\link.write.1.tlog
